<?xml version="1.0" encoding="UTF-8"?>
<!-- Generated by org.testng.reporters.JUnitReportReporter -->
<testsuite hostname="TUNGIE.home" name="com.mastergradeschool.auth.controller.AppControllerTest" tests="10" failures="0" timestamp="30 Nov 2015 02:26:38 GMT" time="0.106" errors="0">
  <testcase name="listUsers" time="0.016" classname="com.mastergradeschool.auth.controller.AppControllerTest"/>
  <testcase name="updateUserWithSuccess" time="0.002" classname="com.mastergradeschool.auth.controller.AppControllerTest"/>
  <testcase name="updateUserWithValidationErrorNonUniqueSSN" time="0.002" classname="com.mastergradeschool.auth.controller.AppControllerTest"/>
  <testcase name="saveUserWithSuccess" time="0.002" classname="com.mastergradeschool.auth.controller.AppControllerTest"/>
  <testcase name="saveUserWithValidationError" time="0.000" classname="com.mastergradeschool.auth.controller.AppControllerTest"/>
  <testcase name="saveUserWithValidationErrorNonUniqueSSN" time="0.004" classname="com.mastergradeschool.auth.controller.AppControllerTest"/>
  <testcase name="updateUserWithValidationError" time="0.000" classname="com.mastergradeschool.auth.controller.AppControllerTest"/>
  <testcase name="deleteUser" time="0.025" classname="com.mastergradeschool.auth.controller.AppControllerTest"/>
  <testcase name="newUser" time="0.002" classname="com.mastergradeschool.auth.controller.AppControllerTest"/>
  <testcase name="editUser" time="0.053" classname="com.mastergradeschool.auth.controller.AppControllerTest"/>
</testsuite> <!-- com.mastergradeschool.auth.controller.AppControllerTest -->
