<?xml version="1.0" encoding="UTF-8"?>
<!-- Generated by org.testng.reporters.JUnitReportReporter -->
<testsuite hostname="TUNGIE.home" name="com.mastergradeschool.auth.dao.UserDaoImplTest" tests="6" failures="0" timestamp="30 Nov 2015 02:26:38 GMT" time="0.587" errors="0">
  <testcase name="deleteUserByInvalidSsn" time="0.338" classname="com.mastergradeschool.auth.dao.UserDaoImplTest"/>
  <testcase name="deleteUserBySsn" time="0.028" classname="com.mastergradeschool.auth.dao.UserDaoImplTest"/>
  <testcase name="findUserBySsn" time="0.120" classname="com.mastergradeschool.auth.dao.UserDaoImplTest"/>
  <testcase name="findById" time="0.030" classname="com.mastergradeschool.auth.dao.UserDaoImplTest"/>
  <testcase name="findAllUsers" time="0.022" classname="com.mastergradeschool.auth.dao.UserDaoImplTest"/>
  <testcase name="saveUser" time="0.049" classname="com.mastergradeschool.auth.dao.UserDaoImplTest"/>
</testsuite> <!-- com.mastergradeschool.auth.dao.UserDaoImplTest -->
