<?xml version="1.0" encoding="UTF-8"?>
<!-- Generated by org.testng.reporters.JUnitReportReporter -->
<testsuite hostname="TUNGIE.home" name="com.mastergradeschool.auth.service.UserServiceImplTest" tests="7" failures="0" timestamp="30 Nov 2015 02:26:38 GMT" time="0.003" errors="0">
  <testcase name="saveUser" time="0.001" classname="com.mastergradeschool.auth.service.UserServiceImplTest"/>
  <testcase name="deleteUserBySsn" time="0.000" classname="com.mastergradeschool.auth.service.UserServiceImplTest"/>
  <testcase name="updateUser" time="0.000" classname="com.mastergradeschool.auth.service.UserServiceImplTest"/>
  <testcase name="findById" time="0.001" classname="com.mastergradeschool.auth.service.UserServiceImplTest"/>
  <testcase name="findUserBySsn" time="0.000" classname="com.mastergradeschool.auth.service.UserServiceImplTest"/>
  <testcase name="findAllUsers" time="0.000" classname="com.mastergradeschool.auth.service.UserServiceImplTest"/>
  <testcase name="isUserSsnUnique" time="0.001" classname="com.mastergradeschool.auth.service.UserServiceImplTest"/>
</testsuite> <!-- com.mastergradeschool.auth.service.UserServiceImplTest -->
